<?xml version="1.0" encoding="UTF-8"?>
<!-- Generated by org.testng.reporters.JUnitReportReporter -->
<testsuite hostname="Homes-MBP" name="com.appium.tests.TestClass" tests="1" failures="0" timestamp="21 Mar 2016 23:43:12 GMT" time="3.275" errors="0">
  <testcase name="tapOnSomething" time="3.275" classname="com.appium.tests.TestClass"/>
</testsuite> <!-- com.appium.tests.TestClass -->
