<?xml version="1.0" encoding="UTF-8"?>
<!-- Generated by org.testng.reporters.JUnitReportReporter -->
<testsuite hostname="Homes-MBP" name="com.appium.tests.TestClass" tests="2" failures="0" timestamp="5 Apr 2016 05:37:04 GMT" time="43.477" errors="0">
  <testcase name="tapOnSomething1" time="36.370" classname="com.appium.tests.TestClass"/>
  <testcase name="tapOnSomething" time="7.107" classname="com.appium.tests.TestClass"/>
</testsuite> <!-- com.appium.tests.TestClass -->
